2025-07-26 02:33:42,872
INFO | База данных успешно инициализирована

2025-07-26 02:36:03,793
INFO | База данных успешно инициализирована

2025-07-26 02:36:12,478
WARNING | Ошибка декодирования JWT токена

2025-07-26 02:37:01,140
WARNING | Ошибка декодирования JWT токена

2025-07-26 02:37:48,576
INFO | Попытка входа пользователя: Alkis_m

2025-07-26 02:37:48,576
INFO | Попытка аутентификации пользователя: Alkis_m

2025-07-26 02:37:48,882
INFO | Пользователь Alkis_m успешно аутентифицирован

2025-07-26 02:37:48,893
INFO | Пользователь Alkis_m успешно вошел в систему

2025-07-26 02:38:20,940
WARNING | Ошибка декодирования JWT токена

2025-07-26 03:20:29,552
INFO | Database initialized successfully

2025-07-26 03:22:28,242
INFO | Database initialized successfully

2025-07-26 03:23:07,493
INFO | User login attempt: Alkis_m

2025-07-26 03:23:07,494
INFO | Authentication attempt for user: Alkis_m

2025-07-26 03:23:07,757
INFO | User Alkis_m authenticated successfully

2025-07-26 03:23:07,761
INFO | User Alkis_m logged in successfully

2025-07-26 03:25:50,066
INFO | Database initialized successfully

2025-07-26 03:26:10,659
INFO | User login attempt: Alkis_m

2025-07-26 03:26:10,659
INFO | Authentication attempt for user: Alkis_m

2025-07-26 03:26:10,920
INFO | User Alkis_m authenticated successfully

2025-07-26 03:26:10,923
INFO | User Alkis_m logged in successfully

2025-07-26 03:31:34,384
INFO | Database initialized successfully

2025-07-26 03:31:56,263
INFO | User login attempt: Alkis_m

2025-07-26 03:31:56,263
INFO | Authentication attempt for user: Alkis_m

2025-07-26 03:31:56,513
INFO | User Alkis_m authenticated successfully

2025-07-26 03:31:56,516
INFO | User Alkis_m logged in successfully

2025-07-26 03:32:32,784
INFO | Getting user information

2025-07-26 03:33:37,591
INFO | Refreshing access token

2025-07-26 03:35:38,392
INFO | Database initialized successfully

2025-07-26 03:35:58,047
INFO | User login attempt: Alkis_m

2025-07-26 03:35:58,048
INFO | Authentication attempt for user: Alkis_m

2025-07-26 03:35:58,311
INFO | User Alkis_m authenticated successfully

2025-07-26 03:35:58,313
INFO | User Alkis_m logged in successfully

2025-07-26 03:39:55,960
INFO | Database initialized successfully

2025-07-26 03:40:23,215
INFO | User login attempt: Alkis_m

2025-07-26 03:40:23,215
INFO | Authentication attempt for user: Alkis_m

2025-07-26 03:40:23,472
INFO | User Alkis_m authenticated successfully

2025-07-26 03:40:23,481
INFO | User Alkis_m logged in successfully

2025-07-26 03:53:32,180
INFO | Database initialized successfully

2025-07-26 03:54:10,156
INFO | User login attempt: Alkis_m

2025-07-26 03:54:10,156
INFO | Authentication attempt for user: Alkis_m

2025-07-26 03:54:10,406
INFO | User Alkis_m authenticated successfully

2025-07-26 03:54:10,409
INFO | User Alkis_m logged in successfully

2025-07-26 03:54:58,885
WARNING | Authorization header missing

2025-07-26 03:55:08,537
INFO | Testing token directly

2025-07-26 03:55:30,987
WARNING | Authorization header missing

2025-07-26 03:55:47,847
WARNING | Authorization header missing

2025-07-27 17:12:23,657
INFO | Database initialized successfully

2025-07-27 17:12:48,949
INFO | User login attempt: Alkis_m

2025-07-27 17:12:48,950
INFO | Authentication attempt for user: Alkis_m

2025-07-27 17:12:49,585
INFO | User Alkis_m authenticated successfully

2025-07-27 17:12:49,623
INFO | User Alkis_m logged in successfully

2025-07-27 17:13:07,866
INFO | Getting user information

2025-07-27 17:26:03,176
INFO | Existing collections: ['User']

2025-07-27 17:26:03,176
INFO | Collection 'user' does not exist yet - will be created on first document insert

2025-07-27 17:26:03,176
INFO | Collection 'course' does not exist yet - will be created on first document insert

2025-07-27 17:26:03,177
INFO | Collection 'group' does not exist yet - will be created on first document insert

2025-07-27 17:26:03,177
INFO | Collection 'task' does not exist yet - will be created on first document insert

2025-07-27 17:26:03,177
INFO | Collection 'taskresult' does not exist yet - will be created on first document insert

2025-07-27 17:26:03,177
INFO | Collection 'topic' does not exist yet - will be created on first document insert

2025-07-27 17:26:03,188
INFO | Document model User validated successfully

2025-07-27 17:26:03,248
INFO | Created collection: courses

2025-07-27 17:26:03,250
INFO | Document model Course validated successfully

2025-07-27 17:26:03,264
INFO | Created collection: groups

2025-07-27 17:26:03,265
INFO | Document model Group validated successfully

2025-07-27 17:26:03,280
INFO | Created collection: Task

2025-07-27 17:26:03,281
INFO | Document model Task validated successfully

2025-07-27 17:26:03,297
INFO | Created collection: TaskResult

2025-07-27 17:26:03,298
INFO | Document model TaskResult validated successfully

2025-07-27 17:26:03,313
INFO | Created collection: Topic

2025-07-27 17:26:03,314
INFO | Document model Topic validated successfully

2025-07-27 17:26:03,314
INFO | Database initialized successfully

2025-07-27 17:29:33,379
INFO | Existing collections: ['TaskResult', 'groups', 'Task', 'courses', 'Topic', 'User']

2025-07-27 17:29:33,379
INFO | Collection 'user' does not exist yet - will be created on first document insert

2025-07-27 17:29:33,380
INFO | Collection 'course' does not exist yet - will be created on first document insert

2025-07-27 17:29:33,380
INFO | Collection 'group' does not exist yet - will be created on first document insert

2025-07-27 17:29:33,380
INFO | Collection 'task' does not exist yet - will be created on first document insert

2025-07-27 17:29:33,380
INFO | Collection 'taskresult' does not exist yet - will be created on first document insert

2025-07-27 17:29:33,380
INFO | Collection 'topic' does not exist yet - will be created on first document insert

2025-07-27 17:29:33,389
INFO | Document model User validated successfully

2025-07-27 17:29:33,392
INFO | Document model Course validated successfully

2025-07-27 17:29:33,395
INFO | Document model Group validated successfully

2025-07-27 17:29:33,397
INFO | Document model Task validated successfully

2025-07-27 17:29:33,399
INFO | Document model TaskResult validated successfully

2025-07-27 17:29:33,402
INFO | Document model Topic validated successfully

2025-07-27 17:29:33,402
INFO | Database initialized successfully

2025-07-27 17:30:25,278
INFO | Existing collections: ['TaskResult', 'groups', 'Task', 'courses', 'Topic', 'User']

2025-07-27 17:30:25,280
INFO | Collection 'user' does not exist yet - will be created on first document insert

2025-07-27 17:30:25,280
INFO | Collection 'course' does not exist yet - will be created on first document insert

2025-07-27 17:30:25,280
INFO | Collection 'group' does not exist yet - will be created on first document insert

2025-07-27 17:30:25,281
INFO | Collection 'task' does not exist yet - will be created on first document insert

2025-07-27 17:30:25,281
INFO | Collection 'taskresult' does not exist yet - will be created on first document insert

2025-07-27 17:30:25,281
INFO | Collection 'topic' does not exist yet - will be created on first document insert

2025-07-27 17:30:25,308
INFO | Document model User validated successfully

2025-07-27 17:30:25,317
INFO | Document model Course validated successfully

2025-07-27 17:30:25,324
INFO | Document model Group validated successfully

2025-07-27 17:30:25,332
INFO | Document model Task validated successfully

2025-07-27 17:30:25,341
INFO | Document model TaskResult validated successfully

2025-07-27 17:30:25,348
INFO | Document model Topic validated successfully

2025-07-27 17:30:25,348
INFO | Database initialized successfully

2025-07-27 17:54:46,493 | INFO | Existing collections: ['TaskResult', 'groups', 'Task', 'courses', 'Topic', 'User']
2025-07-27 17:54:46,494 | INFO | Collection 'user' does not exist yet - will be created on first document insert
2025-07-27 17:54:46,494 | INFO | Collection 'course' does not exist yet - will be created on first document insert
2025-07-27 17:54:46,494 | INFO | Collection 'group' does not exist yet - will be created on first document insert
2025-07-27 17:54:46,494 | INFO | Collection 'task' does not exist yet - will be created on first document insert
2025-07-27 17:54:46,494 | INFO | Collection 'taskresult' does not exist yet - will be created on first document insert
2025-07-27 17:54:46,494 | INFO | Collection 'topic' does not exist yet - will be created on first document insert
2025-07-27 17:54:46,500 | ERROR | Error validating document model User: 1 validation error for User
phone
  Value error, Номер телефона должен начинаться с + [type=value_error, input_value='0629385358', input_type=str]
    For further information visit https://errors.pydantic.dev/2.11/v/value_error
2025-07-27 17:54:46,501 | INFO | Document model Course validated successfully
2025-07-27 17:54:46,502 | INFO | Document model Group validated successfully
2025-07-27 17:54:46,504 | INFO | Document model Task validated successfully
2025-07-27 17:54:46,505 | INFO | Document model TaskResult validated successfully
2025-07-27 17:54:46,506 | INFO | Document model Topic validated successfully
2025-07-27 17:54:46,506 | INFO | Database initialized successfully
2025-07-27 17:55:33,394 | INFO | User login attempt: alkis_m
2025-07-27 17:55:33,395 | INFO | Authentication attempt for user: alkis_m
2025-07-27 17:55:33,396 | WARNING | User alkis_m not found
2025-07-27 17:55:51,534 | INFO | User login attempt: alkis_m
2025-07-27 17:55:51,534 | INFO | Authentication attempt for user: alkis_m
2025-07-27 17:55:51,535 | WARNING | User alkis_m not found
2025-07-27 18:09:17,191 | INFO | Existing collections: ['TaskResult', 'groups', 'Task', 'courses', 'Topic', 'User']
2025-07-27 18:09:17,193 | INFO | Collection 'user' does not exist yet - will be created on first document insert
2025-07-27 18:09:17,193 | INFO | Collection 'course' does not exist yet - will be created on first document insert
2025-07-27 18:09:17,193 | INFO | Collection 'group' does not exist yet - will be created on first document insert
2025-07-27 18:09:17,193 | INFO | Collection 'task' does not exist yet - will be created on first document insert
2025-07-27 18:09:17,193 | INFO | Collection 'taskresult' does not exist yet - will be created on first document insert
2025-07-27 18:09:17,193 | INFO | Collection 'topic' does not exist yet - will be created on first document insert
2025-07-27 18:09:17,222 | INFO | Document model User validated successfully
2025-07-27 18:09:17,224 | INFO | Document model Course validated successfully
2025-07-27 18:09:17,226 | INFO | Document model Group validated successfully
2025-07-27 18:09:17,228 | INFO | Document model Task validated successfully
2025-07-27 18:09:17,229 | INFO | Document model TaskResult validated successfully
2025-07-27 18:09:17,230 | INFO | Document model Topic validated successfully
2025-07-27 18:09:17,230 | INFO | Database initialized successfully
2025-07-27 18:09:38,319 | INFO | User login attempt: Alkis_m
2025-07-27 18:09:38,319 | INFO | Authentication attempt for user: Alkis_m
2025-07-27 18:09:39,082 | INFO | User Alkis_m authenticated successfully
2025-07-27 18:09:39,109 | INFO | User Alkis_m logged in successfully
2025-07-27 18:26:40,212 | INFO | Existing collections: ['TaskResult', 'groups', 'Task', 'courses', 'Topic', 'User']
2025-07-27 18:26:40,213 | INFO | Collection 'user' does not exist yet - will be created on first document insert
2025-07-27 18:26:40,213 | INFO | Collection 'course' does not exist yet - will be created on first document insert
2025-07-27 18:26:40,213 | INFO | Collection 'group' does not exist yet - will be created on first document insert
2025-07-27 18:26:40,213 | INFO | Collection 'task' does not exist yet - will be created on first document insert
2025-07-27 18:26:40,213 | INFO | Collection 'taskresult' does not exist yet - will be created on first document insert
2025-07-27 18:26:40,214 | INFO | Collection 'topic' does not exist yet - will be created on first document insert
2025-07-27 18:26:40,233 | INFO | Document model User validated successfully
2025-07-27 18:26:40,235 | ERROR | Error validating document model Course: 1 validation error for Course
topic_ids.0
  Input should be a valid string [type=string_type, input_value=ObjectId('68864fe002e868665a5c48c0'), input_type=ObjectId]
    For further information visit https://errors.pydantic.dev/2.11/v/string_type
2025-07-27 18:26:40,237 | INFO | Document model Group validated successfully
2025-07-27 18:26:40,238 | INFO | Document model Task validated successfully
2025-07-27 18:26:40,239 | INFO | Document model TaskResult validated successfully
2025-07-27 18:26:40,240 | INFO | Document model Topic validated successfully
2025-07-27 18:26:40,240 | INFO | Database initialized successfully
2025-07-27 18:28:39,960 | INFO | Existing collections: ['TaskResult', 'groups', 'Task', 'courses', 'Topic', 'User']
2025-07-27 18:28:39,961 | INFO | Collection 'user' does not exist yet - will be created on first document insert
2025-07-27 18:28:39,961 | INFO | Collection 'course' does not exist yet - will be created on first document insert
2025-07-27 18:28:39,961 | INFO | Collection 'group' does not exist yet - will be created on first document insert
2025-07-27 18:28:39,961 | INFO | Collection 'task' does not exist yet - will be created on first document insert
2025-07-27 18:28:39,961 | INFO | Collection 'taskresult' does not exist yet - will be created on first document insert
2025-07-27 18:28:39,961 | INFO | Collection 'topic' does not exist yet - will be created on first document insert
2025-07-27 18:28:39,970 | INFO | Document model User validated successfully
2025-07-27 18:28:39,973 | ERROR | Error validating document model Course: 1 validation error for Course
topic_ids.0
  Input should be a valid string [type=string_type, input_value=ObjectId('68864fe002e868665a5c48c0'), input_type=ObjectId]
    For further information visit https://errors.pydantic.dev/2.11/v/string_type
2025-07-27 18:28:39,975 | INFO | Document model Group validated successfully
2025-07-27 18:28:39,977 | INFO | Document model Task validated successfully
2025-07-27 18:28:39,978 | INFO | Document model TaskResult validated successfully
2025-07-27 18:28:39,979 | INFO | Document model Topic validated successfully
2025-07-27 18:28:39,979 | INFO | Database initialized successfully
2025-07-27 18:29:20,738 | INFO | Existing collections: ['TaskResult', 'groups', 'Task', 'courses', 'Topic', 'User']
2025-07-27 18:29:20,739 | INFO | Collection 'user' does not exist yet - will be created on first document insert
2025-07-27 18:29:20,739 | INFO | Collection 'course' does not exist yet - will be created on first document insert
2025-07-27 18:29:20,739 | INFO | Collection 'group' does not exist yet - will be created on first document insert
2025-07-27 18:29:20,739 | INFO | Collection 'task' does not exist yet - will be created on first document insert
2025-07-27 18:29:20,739 | INFO | Collection 'taskresult' does not exist yet - will be created on first document insert
2025-07-27 18:29:20,739 | INFO | Collection 'topic' does not exist yet - will be created on first document insert
2025-07-27 18:29:20,745 | INFO | Document model User validated successfully
2025-07-27 18:29:20,747 | ERROR | Error validating document model Course: 1 validation error for Course
topic_ids.0
  Input should be a valid string [type=string_type, input_value=ObjectId('68864fe002e868665a5c48c0'), input_type=ObjectId]
    For further information visit https://errors.pydantic.dev/2.11/v/string_type
2025-07-27 18:29:20,749 | INFO | Document model Group validated successfully
2025-07-27 18:29:20,750 | INFO | Document model Task validated successfully
2025-07-27 18:29:20,751 | INFO | Document model TaskResult validated successfully
2025-07-27 18:29:20,753 | INFO | Document model Topic validated successfully
2025-07-27 18:29:20,753 | INFO | Database initialized successfully
2025-07-27 18:30:11,602 | INFO | Existing collections: ['TaskResult', 'groups', 'Task', 'courses', 'Topic', 'User']
2025-07-27 18:30:11,602 | INFO | Collection 'user' does not exist yet - will be created on first document insert
2025-07-27 18:30:11,602 | INFO | Collection 'course' does not exist yet - will be created on first document insert
2025-07-27 18:30:11,602 | INFO | Collection 'group' does not exist yet - will be created on first document insert
2025-07-27 18:30:11,602 | INFO | Collection 'task' does not exist yet - will be created on first document insert
2025-07-27 18:30:11,602 | INFO | Collection 'taskresult' does not exist yet - will be created on first document insert
2025-07-27 18:30:11,602 | INFO | Collection 'topic' does not exist yet - will be created on first document insert
2025-07-27 18:30:11,609 | INFO | Document model User validated successfully
2025-07-27 18:30:11,611 | ERROR | Error validating document model Course: 1 validation error for Course
topic_ids.0
  Input should be a valid string [type=string_type, input_value=ObjectId('68864fe002e868665a5c48c0'), input_type=ObjectId]
    For further information visit https://errors.pydantic.dev/2.11/v/string_type
2025-07-27 18:30:11,612 | INFO | Document model Group validated successfully
2025-07-27 18:30:11,613 | INFO | Document model Task validated successfully
2025-07-27 18:30:11,614 | INFO | Document model TaskResult validated successfully
2025-07-27 18:30:11,615 | INFO | Document model Topic validated successfully
2025-07-27 18:30:11,616 | INFO | Database initialized successfully
2025-07-27 18:30:51,158 | INFO | Existing collections: ['TaskResult', 'groups', 'Task', 'courses', 'Topic', 'User']
2025-07-27 18:30:51,158 | INFO | Collection 'user' does not exist yet - will be created on first document insert
2025-07-27 18:30:51,158 | INFO | Collection 'course' does not exist yet - will be created on first document insert
2025-07-27 18:30:51,158 | INFO | Collection 'group' does not exist yet - will be created on first document insert
2025-07-27 18:30:51,158 | INFO | Collection 'task' does not exist yet - will be created on first document insert
2025-07-27 18:30:51,158 | INFO | Collection 'taskresult' does not exist yet - will be created on first document insert
2025-07-27 18:30:51,158 | INFO | Collection 'topic' does not exist yet - will be created on first document insert
2025-07-27 18:30:51,164 | INFO | Document model User validated successfully
2025-07-27 18:30:51,165 | ERROR | Error validating document model Course: 1 validation error for Course
topic_ids.0
  Input should be a valid string [type=string_type, input_value=ObjectId('68864fe002e868665a5c48c0'), input_type=ObjectId]
    For further information visit https://errors.pydantic.dev/2.11/v/string_type
2025-07-27 18:30:51,166 | INFO | Document model Group validated successfully
2025-07-27 18:30:51,167 | INFO | Document model Task validated successfully
2025-07-27 18:30:51,168 | INFO | Document model TaskResult validated successfully
2025-07-27 18:30:51,169 | INFO | Document model Topic validated successfully
2025-07-27 18:30:51,170 | INFO | Database initialized successfully
2025-07-27 18:32:30,844 | INFO | Existing collections: ['TaskResult', 'groups', 'Task', 'courses', 'Topic', 'User']
2025-07-27 18:32:30,845 | INFO | Collection 'user' does not exist yet - will be created on first document insert
2025-07-27 18:32:30,845 | INFO | Collection 'course' does not exist yet - will be created on first document insert
2025-07-27 18:32:30,845 | INFO | Collection 'group' does not exist yet - will be created on first document insert
2025-07-27 18:32:30,845 | INFO | Collection 'task' does not exist yet - will be created on first document insert
2025-07-27 18:32:30,845 | INFO | Collection 'taskresult' does not exist yet - will be created on first document insert
2025-07-27 18:32:30,845 | INFO | Collection 'topic' does not exist yet - will be created on first document insert
2025-07-27 18:32:30,852 | INFO | Document model User validated successfully
2025-07-27 18:32:30,853 | ERROR | Error validating document model Course: 1 validation error for Course
topic_ids.0
  Input should be a valid string [type=string_type, input_value=ObjectId('68864fe002e868665a5c48c0'), input_type=ObjectId]
    For further information visit https://errors.pydantic.dev/2.11/v/string_type
2025-07-27 18:32:30,854 | INFO | Document model Group validated successfully
2025-07-27 18:32:30,856 | INFO | Document model Task validated successfully
2025-07-27 18:32:30,857 | INFO | Document model TaskResult validated successfully
2025-07-27 18:32:30,858 | INFO | Document model Topic validated successfully
2025-07-27 18:32:30,858 | INFO | Database initialized successfully
2025-07-27 18:36:20,922 | INFO | Existing collections: ['TaskResult', 'groups', 'Task', 'courses', 'Topic', 'User']
2025-07-27 18:36:20,923 | INFO | Collection 'user' does not exist yet - will be created on first document insert
2025-07-27 18:36:20,923 | INFO | Collection 'course' does not exist yet - will be created on first document insert
2025-07-27 18:36:20,923 | INFO | Collection 'group' does not exist yet - will be created on first document insert
2025-07-27 18:36:20,923 | INFO | Collection 'task' does not exist yet - will be created on first document insert
2025-07-27 18:36:20,923 | INFO | Collection 'taskresult' does not exist yet - will be created on first document insert
2025-07-27 18:36:20,923 | INFO | Collection 'topic' does not exist yet - will be created on first document insert
2025-07-27 18:36:20,931 | INFO | Document model User validated successfully
2025-07-27 18:36:20,932 | ERROR | Error validating document model Course: 1 validation error for Course
topic_ids.0
  Input should be a valid string [type=string_type, input_value=ObjectId('68864fe002e868665a5c48c0'), input_type=ObjectId]
    For further information visit https://errors.pydantic.dev/2.11/v/string_type
2025-07-27 18:36:20,933 | INFO | Document model Group validated successfully
2025-07-27 18:36:20,934 | INFO | Document model Task validated successfully
2025-07-27 18:36:20,936 | INFO | Document model TaskResult validated successfully
2025-07-27 18:36:20,938 | INFO | Document model Topic validated successfully
2025-07-27 18:36:20,938 | INFO | Database initialized successfully
2025-07-27 18:37:01,725 | INFO | Existing collections: ['TaskResult', 'groups', 'Task', 'courses', 'Topic', 'User']
2025-07-27 18:37:01,725 | INFO | Collection 'user' does not exist yet - will be created on first document insert
2025-07-27 18:37:01,725 | INFO | Collection 'course' does not exist yet - will be created on first document insert
2025-07-27 18:37:01,725 | INFO | Collection 'group' does not exist yet - will be created on first document insert
2025-07-27 18:37:01,725 | INFO | Collection 'task' does not exist yet - will be created on first document insert
2025-07-27 18:37:01,725 | INFO | Collection 'taskresult' does not exist yet - will be created on first document insert
2025-07-27 18:37:01,725 | INFO | Collection 'topic' does not exist yet - will be created on first document insert
2025-07-27 18:37:01,734 | INFO | Document model User validated successfully
2025-07-27 18:37:01,736 | ERROR | Error validating document model Course: 1 validation error for Course
topic_ids.0
  Input should be a valid string [type=string_type, input_value=ObjectId('68864fe002e868665a5c48c0'), input_type=ObjectId]
    For further information visit https://errors.pydantic.dev/2.11/v/string_type
2025-07-27 18:37:01,737 | INFO | Document model Group validated successfully
2025-07-27 18:37:01,740 | INFO | Document model Task validated successfully
2025-07-27 18:37:01,741 | INFO | Document model TaskResult validated successfully
2025-07-27 18:37:01,742 | INFO | Document model Topic validated successfully
2025-07-27 18:37:01,742 | INFO | Database initialized successfully
2025-07-27 18:37:49,593 | INFO | Existing collections: ['TaskResult', 'groups', 'Task', 'courses', 'Topic', 'User']
2025-07-27 18:37:49,594 | INFO | Collection 'user' does not exist yet - will be created on first document insert
2025-07-27 18:37:49,594 | INFO | Collection 'course' does not exist yet - will be created on first document insert
2025-07-27 18:37:49,594 | INFO | Collection 'group' does not exist yet - will be created on first document insert
2025-07-27 18:37:49,594 | INFO | Collection 'task' does not exist yet - will be created on first document insert
2025-07-27 18:37:49,594 | INFO | Collection 'taskresult' does not exist yet - will be created on first document insert
2025-07-27 18:37:49,594 | INFO | Collection 'topic' does not exist yet - will be created on first document insert
2025-07-27 18:37:49,600 | INFO | Document model User validated successfully
2025-07-27 18:37:49,602 | ERROR | Error validating document model Course: 1 validation error for Course
topic_ids.0
  Input should be a valid string [type=string_type, input_value=ObjectId('68864fe002e868665a5c48c0'), input_type=ObjectId]
    For further information visit https://errors.pydantic.dev/2.11/v/string_type
2025-07-27 18:37:49,603 | INFO | Document model Group validated successfully
2025-07-27 18:37:49,604 | INFO | Document model Task validated successfully
2025-07-27 18:37:49,605 | INFO | Document model TaskResult validated successfully
2025-07-27 18:37:49,607 | INFO | Document model Topic validated successfully
2025-07-27 18:37:49,607 | INFO | Database initialized successfully
2025-07-27 18:38:05,068 | INFO | Existing collections: ['TaskResult', 'groups', 'Task', 'courses', 'Topic', 'User']
2025-07-27 18:38:05,069 | INFO | Collection 'user' does not exist yet - will be created on first document insert
2025-07-27 18:38:05,069 | INFO | Collection 'course' does not exist yet - will be created on first document insert
2025-07-27 18:38:05,069 | INFO | Collection 'group' does not exist yet - will be created on first document insert
2025-07-27 18:38:05,069 | INFO | Collection 'task' does not exist yet - will be created on first document insert
2025-07-27 18:38:05,069 | INFO | Collection 'taskresult' does not exist yet - will be created on first document insert
2025-07-27 18:38:05,069 | INFO | Collection 'topic' does not exist yet - will be created on first document insert
2025-07-27 18:38:05,074 | INFO | Document model User validated successfully
2025-07-27 18:38:05,076 | ERROR | Error validating document model Course: 1 validation error for Course
topic_ids.0
  Input should be a valid string [type=string_type, input_value=ObjectId('68864fe002e868665a5c48c0'), input_type=ObjectId]
    For further information visit https://errors.pydantic.dev/2.11/v/string_type
2025-07-27 18:38:05,077 | INFO | Document model Group validated successfully
2025-07-27 18:38:05,078 | INFO | Document model Task validated successfully
2025-07-27 18:38:05,079 | INFO | Document model TaskResult validated successfully
2025-07-27 18:38:05,080 | INFO | Document model Topic validated successfully
2025-07-27 18:38:05,080 | INFO | Database initialized successfully
2025-07-27 18:40:00,973 | INFO | Existing collections: ['TaskResult', 'groups', 'Task', 'courses', 'Topic', 'User']
2025-07-27 18:40:00,974 | INFO | Collection 'user' does not exist yet - will be created on first document insert
2025-07-27 18:40:00,974 | INFO | Collection 'course' does not exist yet - will be created on first document insert
2025-07-27 18:40:00,974 | INFO | Collection 'group' does not exist yet - will be created on first document insert
2025-07-27 18:40:00,974 | INFO | Collection 'task' does not exist yet - will be created on first document insert
2025-07-27 18:40:00,974 | INFO | Collection 'taskresult' does not exist yet - will be created on first document insert
2025-07-27 18:40:00,974 | INFO | Collection 'topic' does not exist yet - will be created on first document insert
2025-07-27 18:40:00,979 | INFO | Document model User validated successfully
2025-07-27 18:40:00,980 | INFO | Document model Course validated successfully
2025-07-27 18:40:00,981 | INFO | Document model Group validated successfully
2025-07-27 18:40:00,983 | INFO | Document model Task validated successfully
2025-07-27 18:40:00,984 | INFO | Document model TaskResult validated successfully
2025-07-27 18:40:00,985 | INFO | Document model Topic validated successfully
2025-07-27 18:40:00,985 | INFO | Database initialized successfully
2025-07-27 19:44:06,511 | INFO | Existing collections: ['TaskResult', 'groups', 'Task', 'courses', 'Topic', 'User']
2025-07-27 19:44:06,512 | INFO | Collection 'user' does not exist yet - will be created on first document insert
2025-07-27 19:44:06,512 | INFO | Collection 'course' does not exist yet - will be created on first document insert
2025-07-27 19:44:06,512 | INFO | Collection 'group' does not exist yet - will be created on first document insert
2025-07-27 19:44:06,512 | INFO | Collection 'task' does not exist yet - will be created on first document insert
2025-07-27 19:44:06,512 | INFO | Collection 'taskresult' does not exist yet - will be created on first document insert
2025-07-27 19:44:06,513 | INFO | Collection 'topic' does not exist yet - will be created on first document insert
2025-07-27 19:44:06,536 | INFO | Document model User validated successfully
2025-07-27 19:44:06,537 | INFO | Document model Course validated successfully
2025-07-27 19:44:06,539 | INFO | Document model Group validated successfully
2025-07-27 19:44:06,540 | INFO | Document model Task validated successfully
2025-07-27 19:44:06,541 | INFO | Document model TaskResult validated successfully
2025-07-27 19:44:06,543 | INFO | Document model Topic validated successfully
2025-07-27 19:44:06,543 | INFO | Database initialized successfully
2025-07-27 19:47:36,713 | WARNING | Debug admin not found
2025-07-27 19:48:01,286 | INFO | User login attempt: Alkis_m
2025-07-27 19:48:01,286 | INFO | Authentication attempt for user: Alkis_m
2025-07-27 19:48:01,606 | INFO | User Alkis_m authenticated successfully
2025-07-27 19:48:01,615 | INFO | User Alkis_m logged in successfully
2025-07-27 19:49:56,670 | INFO | User registration: student1
2025-07-27 19:49:56,671 | INFO | Registering new user: student1
2025-07-27 19:50:09,906 | INFO | User registration: student2
2025-07-27 19:50:09,906 | INFO | Registering new user: student2
2025-07-27 19:50:09,908 | WARNING | User with phone 88005553535 already exists
2025-07-27 19:50:09,908 | ERROR | User registration error: 400: Пользователь с таким телефоном уже существует
2025-07-27 19:50:15,417 | INFO | User registration: student2
2025-07-27 19:50:15,417 | INFO | Registering new user: student2
2025-07-27 19:55:19,153 | INFO | Existing collections: ['TaskResult', 'groups', 'Task', 'courses', 'Topic', 'User']
2025-07-27 19:55:19,153 | INFO | Collection 'user' does not exist yet - will be created on first document insert
2025-07-27 19:55:19,155 | INFO | Collection 'course' does not exist yet - will be created on first document insert
2025-07-27 19:55:19,155 | INFO | Collection 'group' does not exist yet - will be created on first document insert
2025-07-27 19:55:19,155 | INFO | Collection 'task' does not exist yet - will be created on first document insert
2025-07-27 19:55:19,155 | INFO | Collection 'taskresult' does not exist yet - will be created on first document insert
2025-07-27 19:55:19,155 | INFO | Collection 'topic' does not exist yet - will be created on first document insert
2025-07-27 19:55:19,161 | INFO | Document model User validated successfully
2025-07-27 19:55:19,163 | INFO | Document model Course validated successfully
2025-07-27 19:55:19,165 | INFO | Document model Group validated successfully
2025-07-27 19:55:19,166 | INFO | Document model Task validated successfully
2025-07-27 19:55:19,169 | INFO | Document model TaskResult validated successfully
2025-07-27 19:55:19,170 | INFO | Document model Topic validated successfully
2025-07-27 19:55:19,170 | INFO | Database initialized successfully
2025-07-27 20:01:50,509 | INFO | Existing collections: ['TaskResult', 'groups', 'Task', 'courses', 'Topic', 'User']
2025-07-27 20:01:50,509 | INFO | Collection 'user' does not exist yet - will be created on first document insert
2025-07-27 20:01:50,509 | INFO | Collection 'course' does not exist yet - will be created on first document insert
2025-07-27 20:01:50,510 | INFO | Collection 'group' does not exist yet - will be created on first document insert
2025-07-27 20:01:50,510 | INFO | Collection 'task' does not exist yet - will be created on first document insert
2025-07-27 20:01:50,510 | INFO | Collection 'taskresult' does not exist yet - will be created on first document insert
2025-07-27 20:01:50,510 | INFO | Collection 'topic' does not exist yet - will be created on first document insert
2025-07-27 20:01:50,516 | INFO | Document model User validated successfully
2025-07-27 20:01:50,517 | INFO | Document model Course validated successfully
2025-07-27 20:01:50,518 | INFO | Document model Group validated successfully
2025-07-27 20:01:50,520 | INFO | Document model Task validated successfully
2025-07-27 20:01:50,521 | INFO | Document model TaskResult validated successfully
2025-07-27 20:01:50,522 | INFO | Document model Topic validated successfully
2025-07-27 20:01:50,522 | INFO | Database initialized successfully
